<?xml version="1.0" encoding="utf-8" standalone="no"?>
<test-run id="2" testcasecount="2" result="Passed" total="2" passed="2" failed="0" inconclusive="0" skipped="0" asserts="2" engine-version="3.9.0.0" clr-version="4.0.30319.42000" start-time="2018-12-12 20:09:22Z" end-time="2018-12-12 20:09:34Z" duration="11.218522">
  <command-line><![CDATA["C:\Program Files (x86)\NUnit.org\nunit-console\nunit3-console.exe"  bin\Release\UploadFileTest.dll]]></command-line>
  <test-suite type="Assembly" id="0-1003" name="UploadFileTest.dll" fullname="C:\Users\surface\Documents\SquashTA-Server-1.8.1-RELEASE\execution_home\workspace\upload-file\bin\Release\UploadFileTest.dll" runstate="Runnable" testcasecount="2" result="Passed" start-time="2018-12-12 20:09:23Z" end-time="2018-12-12 20:09:33Z" duration="10.148148" total="2" passed="2" failed="0" warnings="0" inconclusive="0" skipped="0" asserts="2">
    <environment framework-version="3.6.1.0" clr-version="4.0.30319.42000" os-version="Microsoft Windows NT 10.0.16299.0" platform="Win32NT" cwd="C:\Users\surface\Documents\SquashTA-Server-1.8.1-RELEASE\execution_home\workspace\upload-file" machine-name="DESKTOP-LA0DQG3" user="Naya Shooter" user-domain="DESKTOP-LA0DQG3" culture="fr-FR" uiculture="fr-FR" os-architecture="x64" />
    <settings>
      <setting name="DisposeRunners" value="True" />
      <setting name="WorkDirectory" value="C:\Users\surface\Documents\SquashTA-Server-1.8.1-RELEASE\execution_home\workspace\upload-file" />
      <setting name="ImageRuntimeVersion" value="4.0.30319" />
      <setting name="ImageTargetFrameworkName" value=".NETFramework,Version=v4.5" />
      <setting name="ImageRequiresX86" value="False" />
      <setting name="ImageRequiresDefaultAppDomainAssemblyResolver" value="False" />
      <setting name="NumberOfTestWorkers" value="4" />
    </settings>
    <properties>
      <property name="_PID" value="6376" />
      <property name="_APPDOMAIN" value="domain-" />
    </properties>
    <test-suite type="TestSuite" id="0-1004" name="UploadFileTest" fullname="UploadFileTest" runstate="Runnable" testcasecount="2" result="Passed" start-time="2018-12-12 20:09:23Z" end-time="2018-12-12 20:09:33Z" duration="10.095827" total="2" passed="2" failed="0" warnings="0" inconclusive="0" skipped="0" asserts="2">
      <test-suite type="TestFixture" id="0-1000" name="TestClass" fullname="UploadFileTest.TestClass" classname="UploadFileTest.TestClass" runstate="Runnable" testcasecount="2" result="Passed" start-time="2018-12-12 20:09:23Z" end-time="2018-12-12 20:09:33Z" duration="10.067813" total="2" passed="2" failed="0" warnings="0" inconclusive="0" skipped="0" asserts="2">
        <test-case id="0-1002" name="TestSearchGoogle" fullname="UploadFileTest.TestClass.TestSearchGoogle" methodname="TestSearchGoogle" classname="UploadFileTest.TestClass" runstate="Runnable" seed="1538750835" result="Passed" start-time="2018-12-12 20:09:23Z" end-time="2018-12-12 20:09:28Z" duration="4.845312" asserts="1" />
        <test-case id="0-1001" name="TestUploadFile" fullname="UploadFileTest.TestClass.TestUploadFile" methodname="TestUploadFile" classname="UploadFileTest.TestClass" runstate="Runnable" seed="1361502733" result="Passed" start-time="2018-12-12 20:09:28Z" end-time="2018-12-12 20:09:33Z" duration="5.163890" asserts="1" />
      </test-suite>
    </test-suite>
  </test-suite>
</test-run>